<?xml version="1.0" encoding="UTF-8"?>
<!-- Generated by org.testng.reporters.JUnitReportReporter -->
<testsuite hostname="Soni" failures="0" tests="1" name="org.iit.healthcare.infinitymmp.ScheduleAppointmentDatepicker" time="22.147" errors="0" timestamp="15 Jan 2024 05:19:16 GMT" skipped="0">
  <testcase classname="org.iit.healthcare.infinitymmp.ScheduleAppointmentDatepicker" name="bookAppointment" time="22.147"/>
</testsuite> <!-- org.iit.healthcare.infinitymmp.ScheduleAppointmentDatepicker -->
